[01Aug2025 20:01:45.107] [main/INFO] [cpw.mods.modlauncher.Launcher/MODLAUNCHER]: ModLauncher running: args [--launchTarget, forgeclientuserdev, --version, MOD_DEV, --assetIndex, 5, --assetsDir, /home/harbinger/.gradle/caches/forge_gradle/assets, --gameDir, ., --fml.forgeVersion, 47.0.19, --fml.mcVersion, 1.20.1, --fml.forgeGroup, net.minecraftforge, --fml.mcpVersion, 20230612.114412]
[01Aug2025 20:01:45.110] [main/INFO] [cpw.mods.modlauncher.Launcher/MODLAUNCHER]: ModLauncher 10.0.9+10.0.9+main.dcd20f30 starting: java version 17.0.14 by N/A; OS Linux arch amd64 version 6.12.40
[01Aug2025 20:01:45.198] [main/INFO] [net.minecraftforge.fml.loading.ImmediateWindowHandler/]: Loading ImmediateWindowProvider fmlearlywindow
[01Aug2025 20:01:45.309] [main/INFO] [EARLYDISPLAY/]: Trying GL version 4.6
[01Aug2025 20:01:45.384] [main/INFO] [EARLYDISPLAY/]: Requested GL version 4.6 got version 4.6
[01Aug2025 20:01:45.564] [pool-2-thread-1/INFO] [EARLYDISPLAY/]: GL info: Mesa Intel(R) UHD Graphics 630 (CFL GT2) GL version 4.6 (Core Profile) Mesa 25.1.7, Intel
[01Aug2025 20:01:45.587] [main/INFO] [mixin/]: SpongePowered MIXIN Subsystem Version=0.8.5 Source=union:/home/harbinger/.gradle/caches/modules-2/files-2.1/org.spongepowered/mixin/0.8.5/9d1c0c3a304ae6697ecd477218fa61b850bf57fc/mixin-0.8.5.jar%23116!/ Service=ModLauncher Env=CLIENT
[01Aug2025 20:01:46.064] [main/WARN] [net.minecraftforge.fml.loading.moddiscovery.ModFileParser/LOADING]: Mod file /home/harbinger/.gradle/caches/modules-2/files-2.1/net.minecraftforge/javafmllanguage/1.20.1-47.0.19/11325ab7cc62ad123c202b63216724c0a9af1a21/javafmllanguage-1.20.1-47.0.19.jar is missing mods.toml file
[01Aug2025 20:01:46.066] [main/WARN] [net.minecraftforge.fml.loading.moddiscovery.ModFileParser/LOADING]: Mod file /home/harbinger/.gradle/caches/modules-2/files-2.1/net.minecraftforge/lowcodelanguage/1.20.1-47.0.19/43bcf9e8002338c09b0f793771f6471e5fb74dd7/lowcodelanguage-1.20.1-47.0.19.jar is missing mods.toml file
[01Aug2025 20:01:46.068] [main/WARN] [net.minecraftforge.fml.loading.moddiscovery.ModFileParser/LOADING]: Mod file /home/harbinger/.gradle/caches/modules-2/files-2.1/net.minecraftforge/mclanguage/1.20.1-47.0.19/9ad401a1888591fa336b5685d1572aa4387cf31d/mclanguage-1.20.1-47.0.19.jar is missing mods.toml file
[01Aug2025 20:01:46.071] [main/WARN] [net.minecraftforge.fml.loading.moddiscovery.ModFileParser/LOADING]: Mod file /home/harbinger/.gradle/caches/modules-2/files-2.1/net.minecraftforge/fmlcore/1.20.1-47.0.19/fb98a8fe718272b2822fb1798215d25e97ce84e6/fmlcore-1.20.1-47.0.19.jar is missing mods.toml file
[01Aug2025 20:01:46.079] [main/ERROR] [net.minecraftforge.fml.loading.moddiscovery.ModInfo/FATAL]: Invalid modId found in file /run/media/harbinger/StorageSSD/realHealth/build/resources/main - realHealth does not match the standard: ^[a-z][a-z0-9_]{1,63}$
[01Aug2025 20:01:46.080] [main/ERROR] [net.minecraftforge.fml.loading.moddiscovery.ModDiscoverer/SCAN]: Locator net.minecraftforge.fml.loading.moddiscovery.MinecraftLocator@595f4da5 found an invalid mod file net.minecraftforge.fml.loading.moddiscovery.ModFileInfo@46b695ec
net.minecraftforge.fml.loading.moddiscovery.InvalidModFileException: Invalid modId found : realHealth (main)
	at net.minecraftforge.fml.loading.moddiscovery.ModInfo.<init>(ModInfo.java:61) ~[fmlloader-1.20.1-47.0.19.jar:?]
	at net.minecraftforge.fml.loading.moddiscovery.ModFileInfo.lambda$new$2(ModFileInfo.java:69) ~[fmlloader-1.20.1-47.0.19.jar:?]
	at java.util.stream.ReferencePipeline$3$1.accept(ReferencePipeline.java:197) ~[?:?]
	at java.util.ArrayList$ArrayListSpliterator.forEachRemaining(ArrayList.java:1625) ~[?:?]
	at java.util.stream.AbstractPipeline.copyInto(AbstractPipeline.java:509) ~[?:?]
	at java.util.stream.AbstractPipeline.wrapAndCopyInto(AbstractPipeline.java:499) ~[?:?]
	at java.util.stream.ReduceOps$ReduceOp.evaluateSequential(ReduceOps.java:921) ~[?:?]
	at java.util.stream.AbstractPipeline.evaluate(AbstractPipeline.java:234) ~[?:?]
	at java.util.stream.ReferencePipeline.collect(ReferencePipeline.java:682) ~[?:?]
	at net.minecraftforge.fml.loading.moddiscovery.ModFileInfo.<init>(ModFileInfo.java:70) ~[fmlloader-1.20.1-47.0.19.jar:?]
	at net.minecraftforge.fml.loading.moddiscovery.ModFileParser.modsTomlParser(ModFileParser.java:47) ~[fmlloader-1.20.1-47.0.19.jar:?]
	at net.minecraftforge.fml.loading.moddiscovery.ModFileParser.readModList(ModFileParser.java:31) ~[fmlloader-1.20.1-47.0.19.jar:?]
	at net.minecraftforge.fml.loading.moddiscovery.ModFile.<init>(ModFile.java:79) ~[fmlloader-1.20.1-47.0.19.jar:?]
	at net.minecraftforge.fml.loading.moddiscovery.ModFile.<init>(ModFile.java:68) ~[fmlloader-1.20.1-47.0.19.jar:?]
	at net.minecraftforge.fml.loading.moddiscovery.AbstractModProvider.createMod(AbstractModProvider.java:52) ~[fmlloader-1.20.1-47.0.19.jar:?]
	at net.minecraftforge.fml.loading.moddiscovery.MinecraftLocator.lambda$scanMods$6(MinecraftLocator.java:43) ~[fmlloader-1.20.1-47.0.19.jar:?]
	at java.util.stream.ReferencePipeline$3$1.accept(ReferencePipeline.java:197) ~[?:?]
	at java.util.AbstractList$RandomAccessSpliterator.forEachRemaining(AbstractList.java:720) ~[?:?]
	at java.util.stream.AbstractPipeline.copyInto(AbstractPipeline.java:509) ~[?:?]
	at java.util.stream.AbstractPipeline.wrapAndCopyInto(AbstractPipeline.java:499) ~[?:?]
	at java.util.stream.StreamSpliterators$WrappingSpliterator.forEachRemaining(StreamSpliterators.java:310) ~[?:?]
	at java.util.stream.Streams$ConcatSpliterator.forEachRemaining(Streams.java:735) ~[?:?]
	at java.util.stream.AbstractPipeline.copyInto(AbstractPipeline.java:509) ~[?:?]
	at java.util.stream.AbstractPipeline.wrapAndCopyInto(AbstractPipeline.java:499) ~[?:?]
	at java.util.stream.AbstractPipeline.evaluate(AbstractPipeline.java:575) ~[?:?]
	at java.util.stream.AbstractPipeline.evaluateToArrayNode(AbstractPipeline.java:260) ~[?:?]
	at java.util.stream.ReferencePipeline.toArray(ReferencePipeline.java:616) ~[?:?]
	at java.util.stream.ReferencePipeline.toArray(ReferencePipeline.java:622) ~[?:?]
	at java.util.stream.ReferencePipeline.toList(ReferencePipeline.java:627) ~[?:?]
	at net.minecraftforge.fml.loading.moddiscovery.MinecraftLocator.scanMods(MinecraftLocator.java:47) ~[fmlloader-1.20.1-47.0.19.jar:?]
	at net.minecraftforge.fml.loading.moddiscovery.ModDiscoverer.discoverMods(ModDiscoverer.java:75) ~[fmlloader-1.20.1-47.0.19.jar:?]
	at net.minecraftforge.fml.loading.FMLLoader.beginModScan(FMLLoader.java:164) ~[fmlloader-1.20.1-47.0.19.jar:1.0]
	at net.minecraftforge.fml.loading.FMLServiceProvider.beginScanning(FMLServiceProvider.java:86) ~[fmlloader-1.20.1-47.0.19.jar:1.0]
	at cpw.mods.modlauncher.TransformationServiceDecorator.runScan(TransformationServiceDecorator.java:112) ~[modlauncher-10.0.9.jar:?]
	at cpw.mods.modlauncher.TransformationServicesHandler.lambda$runScanningTransformationServices$8(TransformationServicesHandler.java:100) ~[modlauncher-10.0.9.jar:?]
	at java.util.stream.ReferencePipeline$3$1.accept(ReferencePipeline.java:197) ~[?:?]
	at java.util.HashMap$ValueSpliterator.forEachRemaining(HashMap.java:1779) ~[?:?]
	at java.util.stream.AbstractPipeline.copyInto(AbstractPipeline.java:509) ~[?:?]
	at java.util.stream.AbstractPipeline.wrapAndCopyInto(AbstractPipeline.java:499) ~[?:?]
	at java.util.stream.AbstractPipeline.evaluate(AbstractPipeline.java:575) ~[?:?]
	at java.util.stream.AbstractPipeline.evaluateToArrayNode(AbstractPipeline.java:260) ~[?:?]
	at java.util.stream.ReferencePipeline.toArray(ReferencePipeline.java:616) ~[?:?]
	at java.util.stream.ReferencePipeline.toArray(ReferencePipeline.java:622) ~[?:?]
	at java.util.stream.ReferencePipeline.toList(ReferencePipeline.java:627) ~[?:?]
	at cpw.mods.modlauncher.TransformationServicesHandler.runScanningTransformationServices(TransformationServicesHandler.java:102) ~[modlauncher-10.0.9.jar:?]
	at cpw.mods.modlauncher.TransformationServicesHandler.initializeTransformationServices(TransformationServicesHandler.java:55) ~[modlauncher-10.0.9.jar:?]
	at cpw.mods.modlauncher.Launcher.run(Launcher.java:88) ~[modlauncher-10.0.9.jar:?]
	at cpw.mods.modlauncher.Launcher.main(Launcher.java:78) ~[modlauncher-10.0.9.jar:?]
	at cpw.mods.modlauncher.BootstrapLaunchConsumer.accept(BootstrapLaunchConsumer.java:26) ~[modlauncher-10.0.9.jar:?]
	at cpw.mods.modlauncher.BootstrapLaunchConsumer.accept(BootstrapLaunchConsumer.java:23) ~[modlauncher-10.0.9.jar:?]
	at cpw.mods.bootstraplauncher.BootstrapLauncher.main(BootstrapLauncher.java:141) ~[bootstraplauncher-1.1.2.jar:?]
[01Aug2025 20:01:46.185] [main/INFO] [net.minecraftforge.fml.loading.moddiscovery.JarInJarDependencyLocator/]: No dependencies to load found. Skipping!
